{"contracts/CampaingSale.sol":{"l":{"34":22,"35":20,"36":18,"37":16,"41":90,"53":24,"54":23,"56":22,"57":21,"59":20,"60":20,"69":20,"81":4,"82":3,"83":2,"84":1,"86":1,"93":13,"95":12,"96":12,"98":12,"99":12,"108":3,"109":3,"111":2,"113":2,"114":2,"120":7,"121":6,"122":5,"124":4,"128":3,"129":3,"130":3,"132":3,"133":3,"140":5,"141":3,"142":3,"143":2,"145":2,"147":1,"148":1,"150":1,"151":1,"157":1,"159":1},"path":"/home/ojoperezoso/Desktop/SC/contracts/CampaingSale.sol","s":{"1":22,"2":20,"3":18,"4":24,"5":23,"6":22,"7":21,"8":20,"9":20,"10":4,"11":3,"12":2,"13":1,"14":13,"15":12,"16":12,"17":3,"18":3,"19":2,"20":2,"21":7,"22":6,"23":5,"24":4,"25":3,"26":3,"27":3,"28":5,"29":3,"30":3,"31":2,"32":2,"33":1,"34":1,"35":1,"36":1,"37":1},"b":{"1":[20,2],"2":[18,2],"3":[16,2],"4":[23,1],"5":[22,1],"6":[21,1],"7":[20,1],"8":[3,1],"9":[2,1],"10":[1,1],"11":[13,3],"12":[12,1],"13":[3,3],"14":[3,0],"15":[2,1],"16":[6,1],"17":[5,1],"18":[4,1],"19":[3,1],"20":[3,2],"21":[3,0],"22":[2,1],"23":[2,0],"24":[1,1],"25":[1,0]},"f":{"1":22,"2":90,"3":24,"4":4,"5":13,"6":3,"7":7,"8":5,"9":1},"fnMap":{"1":{"name":"RunningCampaign","line":33,"loc":{"start":{"line":33,"column":4},"end":{"line":38,"column":4}}},"2":{"name":"constructor","line":40,"loc":{"start":{"line":40,"column":4},"end":{"line":42,"column":4}}},"3":{"name":"launchCampaign","line":48,"loc":{"start":{"line":48,"column":4},"end":{"line":76,"column":4}}},"4":{"name":"cancelCampaign","line":80,"loc":{"start":{"line":80,"column":4},"end":{"line":87,"column":4}}},"5":{"name":"contribute","line":92,"loc":{"start":{"line":92,"column":4},"end":{"line":100,"column":4}}},"6":{"name":"withdraw","line":105,"loc":{"start":{"line":105,"column":4},"end":{"line":115,"column":4}}},"7":{"name":"claimCampaign","line":119,"loc":{"start":{"line":119,"column":4},"end":{"line":134,"column":4}}},"8":{"name":"refundCampaign","line":138,"loc":{"start":{"line":138,"column":4},"end":{"line":152,"column":4}}},"9":{"name":"getCampaign","line":156,"loc":{"start":{"line":156,"column":4},"end":{"line":160,"column":4}}}},"statementMap":{"1":{"start":{"line":34,"column":8},"end":{"line":34,"column":86}},"2":{"start":{"line":35,"column":8},"end":{"line":35,"column":100}},"3":{"start":{"line":36,"column":8},"end":{"line":36,"column":99}},"4":{"start":{"line":53,"column":8},"end":{"line":53,"column":88}},"5":{"start":{"line":54,"column":8},"end":{"line":54,"column":75}},"6":{"start":{"line":56,"column":8},"end":{"line":56,"column":98}},"7":{"start":{"line":57,"column":8},"end":{"line":57,"column":71}},"8":{"start":{"line":59,"column":8},"end":{"line":59,"column":34}},"9":{"start":{"line":69,"column":8},"end":{"line":69,"column":2843}},"10":{"start":{"line":81,"column":8},"end":{"line":81,"column":86}},"11":{"start":{"line":82,"column":8},"end":{"line":82,"column":101}},"12":{"start":{"line":83,"column":8},"end":{"line":83,"column":109}},"13":{"start":{"line":86,"column":8},"end":{"line":86,"column":32}},"14":{"start":{"line":93,"column":8},"end":{"line":93,"column":54}},"15":{"start":{"line":98,"column":8},"end":{"line":98,"column":63}},"16":{"start":{"line":99,"column":8},"end":{"line":99,"column":49}},"17":{"start":{"line":108,"column":8},"end":{"line":108,"column":86}},"18":{"start":{"line":109,"column":8},"end":{"line":109,"column":97}},"19":{"start":{"line":113,"column":8},"end":{"line":113,"column":44}},"20":{"start":{"line":114,"column":8},"end":{"line":114,"column":47}},"21":{"start":{"line":120,"column":8},"end":{"line":120,"column":86}},"22":{"start":{"line":121,"column":8},"end":{"line":121,"column":103}},"23":{"start":{"line":122,"column":8},"end":{"line":122,"column":99}},"24":{"start":{"line":124,"column":8},"end":{"line":124,"column":95}},"25":{"start":{"line":128,"column":8},"end":{"line":128,"column":53}},"26":{"start":{"line":132,"column":8},"end":{"line":132,"column":61}},"27":{"start":{"line":133,"column":8},"end":{"line":133,"column":31}},"28":{"start":{"line":140,"column":8},"end":{"line":140,"column":86}},"29":{"start":{"line":141,"column":8},"end":{"line":141,"column":99}},"30":{"start":{"line":142,"column":8},"end":{"line":142,"column":95}},"31":{"start":{"line":143,"column":8},"end":{"line":143,"column":6286}},"32":{"start":{"line":145,"column":12},"end":{"line":145,"column":108}},"33":{"start":{"line":147,"column":8},"end":{"line":147,"column":58}},"34":{"start":{"line":150,"column":8},"end":{"line":150,"column":43}},"35":{"start":{"line":151,"column":8},"end":{"line":151,"column":52}},"36":{"start":{"line":157,"column":8},"end":{"line":157,"column":86}},"37":{"start":{"line":159,"column":8},"end":{"line":159,"column":37}}},"branchMap":{"1":{"line":34,"type":"if","locations":[{"start":{"line":34,"column":8},"end":{"line":34,"column":8}},{"start":{"line":34,"column":8},"end":{"line":34,"column":8}}]},"2":{"line":35,"type":"if","locations":[{"start":{"line":35,"column":8},"end":{"line":35,"column":8}},{"start":{"line":35,"column":8},"end":{"line":35,"column":8}}]},"3":{"line":36,"type":"if","locations":[{"start":{"line":36,"column":8},"end":{"line":36,"column":8}},{"start":{"line":36,"column":8},"end":{"line":36,"column":8}}]},"4":{"line":53,"type":"if","locations":[{"start":{"line":53,"column":8},"end":{"line":53,"column":8}},{"start":{"line":53,"column":8},"end":{"line":53,"column":8}}]},"5":{"line":54,"type":"if","locations":[{"start":{"line":54,"column":8},"end":{"line":54,"column":8}},{"start":{"line":54,"column":8},"end":{"line":54,"column":8}}]},"6":{"line":56,"type":"if","locations":[{"start":{"line":56,"column":8},"end":{"line":56,"column":8}},{"start":{"line":56,"column":8},"end":{"line":56,"column":8}}]},"7":{"line":57,"type":"if","locations":[{"start":{"line":57,"column":8},"end":{"line":57,"column":8}},{"start":{"line":57,"column":8},"end":{"line":57,"column":8}}]},"8":{"line":81,"type":"if","locations":[{"start":{"line":81,"column":8},"end":{"line":81,"column":8}},{"start":{"line":81,"column":8},"end":{"line":81,"column":8}}]},"9":{"line":82,"type":"if","locations":[{"start":{"line":82,"column":8},"end":{"line":82,"column":8}},{"start":{"line":82,"column":8},"end":{"line":82,"column":8}}]},"10":{"line":83,"type":"if","locations":[{"start":{"line":83,"column":8},"end":{"line":83,"column":8}},{"start":{"line":83,"column":8},"end":{"line":83,"column":8}}]},"11":{"line":92,"type":"if","locations":[{"start":{"line":92,"column":48},"end":{"line":92,"column":48}},{"start":{"line":92,"column":48},"end":{"line":92,"column":48}}]},"12":{"line":93,"type":"if","locations":[{"start":{"line":93,"column":8},"end":{"line":93,"column":8}},{"start":{"line":93,"column":8},"end":{"line":93,"column":8}}]},"13":{"line":105,"type":"if","locations":[{"start":{"line":105,"column":46},"end":{"line":105,"column":46}},{"start":{"line":105,"column":46},"end":{"line":105,"column":46}}]},"14":{"line":108,"type":"if","locations":[{"start":{"line":108,"column":8},"end":{"line":108,"column":8}},{"start":{"line":108,"column":8},"end":{"line":108,"column":8}}]},"15":{"line":109,"type":"if","locations":[{"start":{"line":109,"column":8},"end":{"line":109,"column":8}},{"start":{"line":109,"column":8},"end":{"line":109,"column":8}}]},"16":{"line":120,"type":"if","locations":[{"start":{"line":120,"column":8},"end":{"line":120,"column":8}},{"start":{"line":120,"column":8},"end":{"line":120,"column":8}}]},"17":{"line":121,"type":"if","locations":[{"start":{"line":121,"column":8},"end":{"line":121,"column":8}},{"start":{"line":121,"column":8},"end":{"line":121,"column":8}}]},"18":{"line":122,"type":"if","locations":[{"start":{"line":122,"column":8},"end":{"line":122,"column":8}},{"start":{"line":122,"column":8},"end":{"line":122,"column":8}}]},"19":{"line":124,"type":"if","locations":[{"start":{"line":124,"column":8},"end":{"line":124,"column":8}},{"start":{"line":124,"column":8},"end":{"line":124,"column":8}}]},"20":{"line":140,"type":"if","locations":[{"start":{"line":140,"column":8},"end":{"line":140,"column":8}},{"start":{"line":140,"column":8},"end":{"line":140,"column":8}}]},"21":{"line":141,"type":"if","locations":[{"start":{"line":141,"column":8},"end":{"line":141,"column":8}},{"start":{"line":141,"column":8},"end":{"line":141,"column":8}}]},"22":{"line":142,"type":"if","locations":[{"start":{"line":142,"column":8},"end":{"line":142,"column":8}},{"start":{"line":142,"column":8},"end":{"line":142,"column":8}}]},"23":{"line":143,"type":"if","locations":[{"start":{"line":143,"column":8},"end":{"line":143,"column":8}},{"start":{"line":143,"column":8},"end":{"line":143,"column":8}}]},"24":{"line":145,"type":"if","locations":[{"start":{"line":145,"column":12},"end":{"line":145,"column":12}},{"start":{"line":145,"column":12},"end":{"line":145,"column":12}}]},"25":{"line":157,"type":"if","locations":[{"start":{"line":157,"column":8},"end":{"line":157,"column":8}},{"start":{"line":157,"column":8},"end":{"line":157,"column":8}}]}}},"contracts/ICampaignSale.sol":{"l":{},"path":"/home/ojoperezoso/Desktop/SC/contracts/ICampaignSale.sol","s":{},"b":{},"f":{},"fnMap":{},"statementMap":{},"branchMap":{}},"contracts/Signature.sol":{"l":{"12":6,"20":3,"34":1,"35":1,"37":1,"45":3,"47":2,"59":3,"61":2},"path":"/home/ojoperezoso/Desktop/SC/contracts/Signature.sol","s":{"1":6,"2":3,"3":1,"4":1,"5":1,"6":3,"7":2,"8":3},"b":{"1":[2,1]},"f":{"1":6,"2":3,"3":1,"4":3,"5":3},"fnMap":{"1":{"name":"getMessageHash","line":6,"loc":{"start":{"line":6,"column":4},"end":{"line":13,"column":4}}},"2":{"name":"getEthSignedMessageHash","line":15,"loc":{"start":{"line":15,"column":4},"end":{"line":24,"column":4}}},"3":{"name":"verify","line":26,"loc":{"start":{"line":26,"column":4},"end":{"line":38,"column":4}}},"4":{"name":"recoverSigner","line":40,"loc":{"start":{"line":40,"column":4},"end":{"line":48,"column":4}}},"5":{"name":"splitSignature","line":50,"loc":{"start":{"line":50,"column":4},"end":{"line":68,"column":4}}}},"statementMap":{"1":{"start":{"line":12,"column":8},"end":{"line":12,"column":74}},"2":{"start":{"line":20,"column":8},"end":{"line":20,"column":485}},"3":{"start":{"line":34,"column":8},"end":{"line":34,"column":76}},"4":{"start":{"line":35,"column":8},"end":{"line":35,"column":75}},"5":{"start":{"line":37,"column":8},"end":{"line":37,"column":72}},"6":{"start":{"line":45,"column":8},"end":{"line":45,"column":68}},"7":{"start":{"line":47,"column":8},"end":{"line":47,"column":56}},"8":{"start":{"line":59,"column":8},"end":{"line":59,"column":60}}},"branchMap":{"1":{"line":59,"type":"if","locations":[{"start":{"line":59,"column":8},"end":{"line":59,"column":8}},{"start":{"line":59,"column":8},"end":{"line":59,"column":8}}]}}},"contracts/Staking.sol":{"l":{"40":48,"52":3,"53":2,"55":2,"61":8,"65":6,"66":6,"67":6,"69":6,"75":10,"76":9,"78":9,"83":2,"88":4,"93":4,"100":7,"102":7,"107":4,"110":4,"115":4,"118":4,"120":4,"125":2,"130":1,"131":1,"140":1,"144":1,"146":1,"147":1,"149":1,"153":1,"156":1,"169":8,"179":8},"path":"/home/ojoperezoso/Desktop/SC/contracts/Staking.sol","s":{"1":3,"2":2,"3":8,"4":6,"5":6,"6":10,"7":9,"8":2,"9":4,"10":4,"11":7,"12":7,"13":4,"14":4,"15":2,"16":1,"17":1,"18":1,"19":1,"20":1,"21":1,"22":8,"23":8},"b":{"1":[3,1],"2":[2,1],"3":[6,2],"4":[10,1],"5":[9,1],"6":[4,3],"7":[1,1],"8":[1,0],"9":[1,0]},"f":{"1":48,"2":3,"3":8,"4":10,"5":2,"6":4,"7":4,"8":7,"9":2,"10":8},"fnMap":{"1":{"name":"constructor","line":39,"loc":{"start":{"line":39,"column":2},"end":{"line":41,"column":2}}},"2":{"name":"setDuration","line":51,"loc":{"start":{"line":51,"column":2},"end":{"line":56,"column":2}}},"3":{"name":"addReward","line":60,"loc":{"start":{"line":60,"column":2},"end":{"line":70,"column":2}}},"4":{"name":"approveReward","line":74,"loc":{"start":{"line":74,"column":2},"end":{"line":79,"column":2}}},"5":{"name":"getDuration","line":82,"loc":{"start":{"line":82,"column":2},"end":{"line":84,"column":2}}},"6":{"name":"lastDepositTime","line":87,"loc":{"start":{"line":87,"column":2},"end":{"line":89,"column":2}}},"7":{"name":"balanceOf","line":92,"loc":{"start":{"line":92,"column":2},"end":{"line":94,"column":2}}},"8":{"name":"deposit","line":98,"loc":{"start":{"line":98,"column":2},"end":{"line":121,"column":2}}},"9":{"name":"withdraw","line":124,"loc":{"start":{"line":124,"column":2},"end":{"line":159,"column":2}}},"10":{"name":"computeReward","line":164,"loc":{"start":{"line":164,"column":2},"end":{"line":180,"column":2}}}},"statementMap":{"1":{"start":{"line":52,"column":4},"end":{"line":52,"column":70}},"2":{"start":{"line":55,"column":4},"end":{"line":55,"column":27}},"3":{"start":{"line":61,"column":4},"end":{"line":61,"column":2014}},"4":{"start":{"line":67,"column":4},"end":{"line":67,"column":60}},"5":{"start":{"line":69,"column":4},"end":{"line":69,"column":40}},"6":{"start":{"line":75,"column":4},"end":{"line":75,"column":67}},"7":{"start":{"line":78,"column":4},"end":{"line":78,"column":44}},"8":{"start":{"line":83,"column":4},"end":{"line":83,"column":20}},"9":{"start":{"line":88,"column":4},"end":{"line":88,"column":36}},"10":{"start":{"line":93,"column":4},"end":{"line":93,"column":29}},"11":{"start":{"line":100,"column":4},"end":{"line":100,"column":74}},"12":{"start":{"line":102,"column":4},"end":{"line":102,"column":3444}},"13":{"start":{"line":118,"column":4},"end":{"line":118,"column":66}},"14":{"start":{"line":120,"column":4},"end":{"line":120,"column":38}},"15":{"start":{"line":125,"column":4},"end":{"line":125,"column":4217}},"16":{"start":{"line":130,"column":4},"end":{"line":130,"column":44}},"17":{"start":{"line":140,"column":4},"end":{"line":140,"column":57}},"18":{"start":{"line":146,"column":4},"end":{"line":146,"column":64}},"19":{"start":{"line":149,"column":4},"end":{"line":149,"column":75}},"20":{"start":{"line":153,"column":4},"end":{"line":153,"column":51}},"21":{"start":{"line":156,"column":4},"end":{"line":156,"column":49}},"22":{"start":{"line":169,"column":4},"end":{"line":169,"column":71}},"23":{"start":{"line":179,"column":4},"end":{"line":179,"column":72}}},"branchMap":{"1":{"line":51,"type":"if","locations":[{"start":{"line":51,"column":48},"end":{"line":51,"column":48}},{"start":{"line":51,"column":48},"end":{"line":51,"column":48}}]},"2":{"line":52,"type":"if","locations":[{"start":{"line":52,"column":4},"end":{"line":52,"column":4}},{"start":{"line":52,"column":4},"end":{"line":52,"column":4}}]},"3":{"line":61,"type":"if","locations":[{"start":{"line":61,"column":4},"end":{"line":61,"column":4}},{"start":{"line":61,"column":4},"end":{"line":61,"column":4}}]},"4":{"line":74,"type":"if","locations":[{"start":{"line":74,"column":66},"end":{"line":74,"column":66}},{"start":{"line":74,"column":66},"end":{"line":74,"column":66}}]},"5":{"line":75,"type":"if","locations":[{"start":{"line":75,"column":4},"end":{"line":75,"column":4}},{"start":{"line":75,"column":4},"end":{"line":75,"column":4}}]},"6":{"line":102,"type":"if","locations":[{"start":{"line":102,"column":4},"end":{"line":102,"column":4}},{"start":{"line":102,"column":4},"end":{"line":102,"column":4}}]},"7":{"line":125,"type":"if","locations":[{"start":{"line":125,"column":4},"end":{"line":125,"column":4}},{"start":{"line":125,"column":4},"end":{"line":125,"column":4}}]},"8":{"line":146,"type":"if","locations":[{"start":{"line":146,"column":4},"end":{"line":146,"column":4}},{"start":{"line":146,"column":4},"end":{"line":146,"column":4}}]},"9":{"line":149,"type":"if","locations":[{"start":{"line":149,"column":4},"end":{"line":149,"column":4}},{"start":{"line":149,"column":4},"end":{"line":149,"column":4}}]}}},"contracts/test/ERC20TestToken.sol":{"l":{"22":0,"23":0,"27":138,"31":16,"35":15,"36":55,"37":55,"38":55,"39":55,"43":55,"44":55,"45":34,"49":34,"53":1,"54":22,"56":22,"57":22,"58":22,"59":22,"60":22},"path":"/home/ojoperezoso/Desktop/SC/contracts/test/ERC20TestToken.sol","s":{"1":138,"2":16,"3":15,"4":55,"5":55,"6":55,"7":34,"8":34,"9":1,"10":22,"11":22,"12":22},"b":{"1":[55,-40],"2":[22,-21],"3":[22,0]},"f":{"1":0,"2":0,"3":138,"4":16,"5":55,"6":34,"7":34},"fnMap":{"1":{"name":"constructor","line":21,"loc":{"start":{"line":21,"column":4},"end":{"line":24,"column":4}}},"2":{"name":"totalSupply","line":26,"loc":{"start":{"line":26,"column":4},"end":{"line":28,"column":4}}},"3":{"name":"balanceOf","line":30,"loc":{"start":{"line":30,"column":4},"end":{"line":32,"column":4}}},"4":{"name":"transfer","line":34,"loc":{"start":{"line":34,"column":4},"end":{"line":40,"column":4}}},"5":{"name":"approve","line":42,"loc":{"start":{"line":42,"column":4},"end":{"line":46,"column":4}}},"6":{"name":"allowance","line":48,"loc":{"start":{"line":48,"column":4},"end":{"line":50,"column":4}}},"7":{"name":"transferFrom","line":52,"loc":{"start":{"line":52,"column":4},"end":{"line":61,"column":4}}}},"statementMap":{"1":{"start":{"line":27,"column":8},"end":{"line":27,"column":27}},"2":{"start":{"line":31,"column":8},"end":{"line":31,"column":35}},"3":{"start":{"line":35,"column":8},"end":{"line":35,"column":73}},"4":{"start":{"line":38,"column":8},"end":{"line":38,"column":54}},"5":{"start":{"line":39,"column":8},"end":{"line":39,"column":19}},"6":{"start":{"line":44,"column":8},"end":{"line":44,"column":54}},"7":{"start":{"line":45,"column":8},"end":{"line":45,"column":19}},"8":{"start":{"line":49,"column":8},"end":{"line":49,"column":39}},"9":{"start":{"line":53,"column":8},"end":{"line":53,"column":68}},"10":{"start":{"line":54,"column":8},"end":{"line":54,"column":81}},"11":{"start":{"line":59,"column":8},"end":{"line":59,"column":46}},"12":{"start":{"line":60,"column":8},"end":{"line":60,"column":19}}},"branchMap":{"1":{"line":35,"type":"if","locations":[{"start":{"line":35,"column":8},"end":{"line":35,"column":8}},{"start":{"line":35,"column":8},"end":{"line":35,"column":8}}]},"2":{"line":53,"type":"if","locations":[{"start":{"line":53,"column":8},"end":{"line":53,"column":8}},{"start":{"line":53,"column":8},"end":{"line":53,"column":8}}]},"3":{"line":54,"type":"if","locations":[{"start":{"line":54,"column":8},"end":{"line":54,"column":8}},{"start":{"line":54,"column":8},"end":{"line":54,"column":8}}]}}}}